1586359311113	mozrunner::runner	INFO	Running command: "/Applications/Firefox.app/Contents/MacOS/firefox-bin" "-marionette" "-foreground" "-no-remote" "-profile" "/var/folders/q6/hgrw79756kd5fz6hmt1913lw0000gn/T/rust_mozprofileWoIs0c"
1586359312029	addons.webextension.doh-rollout@mozilla.org	WARN	Loading extension 'doh-rollout@mozilla.org': Reading manifest: Invalid extension permission: networkStatus
1586359312288	addons.webextension.screenshots@mozilla.org	WARN	Loading extension 'screenshots@mozilla.org': Reading manifest: Invalid extension permission: mozillaAddons
1586359312288	addons.webextension.screenshots@mozilla.org	WARN	Loading extension 'screenshots@mozilla.org': Reading manifest: Invalid extension permission: telemetry
1586359312288	addons.webextension.screenshots@mozilla.org	WARN	Loading extension 'screenshots@mozilla.org': Reading manifest: Invalid extension permission: resource://pdf.js/
1586359312288	addons.webextension.screenshots@mozilla.org	WARN	Loading extension 'screenshots@mozilla.org': Reading manifest: Invalid extension permission: about:reader*
1586359314564	Marionette	INFO	Listening on port 55335
1586359314643	Marionette	WARN	TLS certificate errors will be ignored for this session
1586359398825	mozrunner::runner	INFO	Running command: "/Applications/Firefox.app/Contents/MacOS/firefox-bin" "-marionette" "-foreground" "-no-remote" "-profile" "/var/folders/q6/hgrw79756kd5fz6hmt1913lw0000gn/T/rust_mozprofileEnCWzk"
1586359399332	addons.webextension.doh-rollout@mozilla.org	WARN	Loading extension 'doh-rollout@mozilla.org': Reading manifest: Invalid extension permission: networkStatus
1586359399582	addons.webextension.screenshots@mozilla.org	WARN	Loading extension 'screenshots@mozilla.org': Reading manifest: Invalid extension permission: mozillaAddons
1586359399582	addons.webextension.screenshots@mozilla.org	WARN	Loading extension 'screenshots@mozilla.org': Reading manifest: Invalid extension permission: telemetry
1586359399582	addons.webextension.screenshots@mozilla.org	WARN	Loading extension 'screenshots@mozilla.org': Reading manifest: Invalid extension permission: resource://pdf.js/
1586359399582	addons.webextension.screenshots@mozilla.org	WARN	Loading extension 'screenshots@mozilla.org': Reading manifest: Invalid extension permission: about:reader*
1586359401405	Marionette	INFO	Listening on port 55520
1586359401491	Marionette	WARN	TLS certificate errors will be ignored for this session
console.warn: LoginRecipes: "getRecipes: falling back to a synchronous message for:" "https://login.coupang.com"
console.warn: LoginRecipes: "getRecipes: falling back to a synchronous message for:" "https://login.coupang.com"
1586359531555	mozrunner::runner	INFO	Running command: "/Applications/Firefox.app/Contents/MacOS/firefox-bin" "-marionette" "-foreground" "-no-remote" "-profile" "/var/folders/q6/hgrw79756kd5fz6hmt1913lw0000gn/T/rust_mozprofileQrqCQD"
1586359532101	addons.webextension.doh-rollout@mozilla.org	WARN	Loading extension 'doh-rollout@mozilla.org': Reading manifest: Invalid extension permission: networkStatus
1586359532345	addons.webextension.screenshots@mozilla.org	WARN	Loading extension 'screenshots@mozilla.org': Reading manifest: Invalid extension permission: mozillaAddons
1586359532345	addons.webextension.screenshots@mozilla.org	WARN	Loading extension 'screenshots@mozilla.org': Reading manifest: Invalid extension permission: telemetry
1586359532345	addons.webextension.screenshots@mozilla.org	WARN	Loading extension 'screenshots@mozilla.org': Reading manifest: Invalid extension permission: resource://pdf.js/
1586359532345	addons.webextension.screenshots@mozilla.org	WARN	Loading extension 'screenshots@mozilla.org': Reading manifest: Invalid extension permission: about:reader*
1586359533986	Marionette	INFO	Listening on port 55597
1586359534032	Marionette	WARN	TLS certificate errors will be ignored for this session
JavaScript error: resource://gre/actors/AutoCompleteChild.jsm, line 196: Error: Invalid autocomplete selectedIndex
JavaScript error: resource://gre/actors/AutoCompleteChild.jsm, line 196: Error: Invalid autocomplete selectedIndex
JavaScript error: resource://gre/modules/LoginManagerChild.jsm, line 179: NS_ERROR_XPC_JAVASCRIPT_ERROR_WITH_DETAILS: [JavaScript Error: "Invalid autocomplete selectedIndex" {file: "resource://gre/actors/AutoCompleteChild.jsm" line: 196}]'[JavaScript Error: "Invalid autocomplete selectedIndex" {file: "resource://gre/actors/AutoCompleteChild.jsm" line: 196}]' when calling method: [nsIAutoCompletePopup::selectedIndex]
JavaScript warning: https://asset2.coupangcdn.com/cdnjs/moment.js/2.10.2/moment.min.js, line 6: unreachable code after return statement
1586359559861	mozrunner::runner	INFO	Running command: "/Applications/Firefox.app/Contents/MacOS/firefox-bin" "-marionette" "-foreground" "-no-remote" "-profile" "/var/folders/q6/hgrw79756kd5fz6hmt1913lw0000gn/T/rust_mozprofilej3qN5X"
1586359560474	addons.webextension.doh-rollout@mozilla.org	WARN	Loading extension 'doh-rollout@mozilla.org': Reading manifest: Invalid extension permission: networkStatus
1586359560754	addons.webextension.screenshots@mozilla.org	WARN	Loading extension 'screenshots@mozilla.org': Reading manifest: Invalid extension permission: mozillaAddons
1586359560754	addons.webextension.screenshots@mozilla.org	WARN	Loading extension 'screenshots@mozilla.org': Reading manifest: Invalid extension permission: telemetry
1586359560754	addons.webextension.screenshots@mozilla.org	WARN	Loading extension 'screenshots@mozilla.org': Reading manifest: Invalid extension permission: resource://pdf.js/
1586359560754	addons.webextension.screenshots@mozilla.org	WARN	Loading extension 'screenshots@mozilla.org': Reading manifest: Invalid extension permission: about:reader*
1586359562556	Marionette	INFO	Listening on port 55717
1586359562624	Marionette	WARN	TLS certificate errors will be ignored for this session
console.warn: LoginRecipes: "getRecipes: falling back to a synchronous message for:" "https://login.coupang.com"
1586359816824	mozrunner::runner	INFO	Running command: "/Applications/Firefox.app/Contents/MacOS/firefox-bin" "-marionette" "-foreground" "-no-remote" "-profile" "/var/folders/q6/hgrw79756kd5fz6hmt1913lw0000gn/T/rust_mozprofile69lwrv"
1586359817348	addons.webextension.doh-rollout@mozilla.org	WARN	Loading extension 'doh-rollout@mozilla.org': Reading manifest: Invalid extension permission: networkStatus
1586359817593	addons.webextension.screenshots@mozilla.org	WARN	Loading extension 'screenshots@mozilla.org': Reading manifest: Invalid extension permission: mozillaAddons
1586359817593	addons.webextension.screenshots@mozilla.org	WARN	Loading extension 'screenshots@mozilla.org': Reading manifest: Invalid extension permission: telemetry
1586359817593	addons.webextension.screenshots@mozilla.org	WARN	Loading extension 'screenshots@mozilla.org': Reading manifest: Invalid extension permission: resource://pdf.js/
1586359817593	addons.webextension.screenshots@mozilla.org	WARN	Loading extension 'screenshots@mozilla.org': Reading manifest: Invalid extension permission: about:reader*
1586359819804	Marionette	INFO	Listening on port 55823
1586359819905	Marionette	WARN	TLS certificate errors will be ignored for this session
1586359872082	mozrunner::runner	INFO	Running command: "/Applications/Firefox.app/Contents/MacOS/firefox-bin" "-marionette" "-foreground" "-no-remote" "-profile" "/var/folders/q6/hgrw79756kd5fz6hmt1913lw0000gn/T/rust_mozprofileOw79dW"
1586359872588	addons.webextension.doh-rollout@mozilla.org	WARN	Loading extension 'doh-rollout@mozilla.org': Reading manifest: Invalid extension permission: networkStatus
1586359872855	addons.webextension.screenshots@mozilla.org	WARN	Loading extension 'screenshots@mozilla.org': Reading manifest: Invalid extension permission: mozillaAddons
1586359872855	addons.webextension.screenshots@mozilla.org	WARN	Loading extension 'screenshots@mozilla.org': Reading manifest: Invalid extension permission: telemetry
1586359872855	addons.webextension.screenshots@mozilla.org	WARN	Loading extension 'screenshots@mozilla.org': Reading manifest: Invalid extension permission: resource://pdf.js/
1586359872855	addons.webextension.screenshots@mozilla.org	WARN	Loading extension 'screenshots@mozilla.org': Reading manifest: Invalid extension permission: about:reader*
1586359874535	Marionette	INFO	Listening on port 55902
1586359874631	Marionette	WARN	TLS certificate errors will be ignored for this session
1586359919065	mozrunner::runner	INFO	Running command: "/Applications/Firefox.app/Contents/MacOS/firefox-bin" "-marionette" "-foreground" "-no-remote" "-profile" "/var/folders/q6/hgrw79756kd5fz6hmt1913lw0000gn/T/rust_mozprofileW1dfba"
1586359919625	addons.webextension.doh-rollout@mozilla.org	WARN	Loading extension 'doh-rollout@mozilla.org': Reading manifest: Invalid extension permission: networkStatus
1586359919869	addons.webextension.screenshots@mozilla.org	WARN	Loading extension 'screenshots@mozilla.org': Reading manifest: Invalid extension permission: mozillaAddons
1586359919869	addons.webextension.screenshots@mozilla.org	WARN	Loading extension 'screenshots@mozilla.org': Reading manifest: Invalid extension permission: telemetry
1586359919869	addons.webextension.screenshots@mozilla.org	WARN	Loading extension 'screenshots@mozilla.org': Reading manifest: Invalid extension permission: resource://pdf.js/
1586359919869	addons.webextension.screenshots@mozilla.org	WARN	Loading extension 'screenshots@mozilla.org': Reading manifest: Invalid extension permission: about:reader*
1586359921732	Marionette	INFO	Listening on port 55976
1586359921786	Marionette	WARN	TLS certificate errors will be ignored for this session
1586359955478	mozrunner::runner	INFO	Running command: "/Applications/Firefox.app/Contents/MacOS/firefox-bin" "-marionette" "-foreground" "-no-remote" "-profile" "/var/folders/q6/hgrw79756kd5fz6hmt1913lw0000gn/T/rust_mozprofileikAyMC"
1586359956094	addons.webextension.doh-rollout@mozilla.org	WARN	Loading extension 'doh-rollout@mozilla.org': Reading manifest: Invalid extension permission: networkStatus
1586359956344	addons.webextension.screenshots@mozilla.org	WARN	Loading extension 'screenshots@mozilla.org': Reading manifest: Invalid extension permission: mozillaAddons
1586359956344	addons.webextension.screenshots@mozilla.org	WARN	Loading extension 'screenshots@mozilla.org': Reading manifest: Invalid extension permission: telemetry
1586359956344	addons.webextension.screenshots@mozilla.org	WARN	Loading extension 'screenshots@mozilla.org': Reading manifest: Invalid extension permission: resource://pdf.js/
1586359956344	addons.webextension.screenshots@mozilla.org	WARN	Loading extension 'screenshots@mozilla.org': Reading manifest: Invalid extension permission: about:reader*
1586359958173	Marionette	INFO	Listening on port 56053
1586359958287	Marionette	WARN	TLS certificate errors will be ignored for this session
JavaScript error: https://login.coupang.com/resources/20200407124126/components/require.js/2.1.11/require.min.js, line 8: Error: Script error for: common/util/scopedModal
http://requirejs.org/docs/errors.html#scripterror
JavaScript error: https://login.coupang.com/resources/20200407124126/components/require.js/2.1.11/require.min.js, line 8: Error: Script error for: common/pincode/util
http://requirejs.org/docs/errors.html#scripterror
JavaScript warning: https://asset2.coupangcdn.com/cdnjs/moment.js/2.10.2/moment.min.js, line 6: unreachable code after return statement
JavaScript error: , line 0: TypeError: NetworkError when attempting to fetch resource.
1586360035154	Marionette	INFO	Stopped listening on port 55823
1586360037258	Marionette	INFO	Stopped listening on port 55717
1586360038547	Marionette	INFO	Stopped listening on port 55597
1586360039600	Marionette	INFO	Stopped listening on port 55520
1586360141638	mozrunner::runner	INFO	Running command: "/Applications/Firefox.app/Contents/MacOS/firefox-bin" "-marionette" "-foreground" "-no-remote" "-profile" "/var/folders/q6/hgrw79756kd5fz6hmt1913lw0000gn/T/rust_mozprofilem5slbp"
1586360142026	addons.webextension.doh-rollout@mozilla.org	WARN	Loading extension 'doh-rollout@mozilla.org': Reading manifest: Invalid extension permission: networkStatus
1586360142361	addons.webextension.screenshots@mozilla.org	WARN	Loading extension 'screenshots@mozilla.org': Reading manifest: Invalid extension permission: mozillaAddons
1586360142361	addons.webextension.screenshots@mozilla.org	WARN	Loading extension 'screenshots@mozilla.org': Reading manifest: Invalid extension permission: telemetry
1586360142361	addons.webextension.screenshots@mozilla.org	WARN	Loading extension 'screenshots@mozilla.org': Reading manifest: Invalid extension permission: resource://pdf.js/
1586360142362	addons.webextension.screenshots@mozilla.org	WARN	Loading extension 'screenshots@mozilla.org': Reading manifest: Invalid extension permission: about:reader*
1586360143996	Marionette	INFO	Listening on port 56211
1586360144020	Marionette	WARN	TLS certificate errors will be ignored for this session
JavaScript error: https://login.coupang.com/resources/20200407124126/components/require.js/2.1.11/require.min.js, line 8: Error: Script error for: logPack
http://requirejs.org/docs/errors.html#scripterror
JavaScript error: https://login.coupang.com/resources/20200407124126/components/require.js/2.1.11/require.min.js, line 8: Error: Script error for: common/validation/_emailValidator
http://requirejs.org/docs/errors.html#scripterror
JavaScript error: https://login.coupang.com/resources/20200407124126/components/require.js/2.1.11/require.min.js, line 8: Error: Script error for: app/pincode/modal/controller
http://requirejs.org/docs/errors.html#scripterror
JavaScript error: https://login.coupang.com/resources/20200407124126/components/require.js/2.1.11/require.min.js, line 8: Error: Script error for: common/pincode/constants
http://requirejs.org/docs/errors.html#scripterror
JavaScript error: https://login.coupang.com/resources/20200407124126/components/require.js/2.1.11/require.min.js, line 8: Error: Script error for: common/validation/_regularExpression
http://requirejs.org/docs/errors.html#scripterror
JavaScript error: https://login.coupang.com/resources/20200407124126/components/require.js/2.1.11/require.min.js, line 8: Error: Script error for: common/validation/_passwordValidator
http://requirejs.org/docs/errors.html#scripterror
JavaScript error: https://login.coupang.com/resources/20200407124126/components/require.js/2.1.11/require.min.js, line 8: Error: Script error for: common/weblog/pincodeSchema
http://requirejs.org/docs/errors.html#scripterror
JavaScript warning: https://asset2.coupangcdn.com/cdnjs/moment.js/2.10.2/moment.min.js, line 6: unreachable code after return statement
1586360164591	Marionette	INFO	Stopped listening on port 56211
1586360211730	mozrunner::runner	INFO	Running command: "/Applications/Firefox.app/Contents/MacOS/firefox-bin" "-marionette" "-foreground" "-no-remote" "-profile" "/var/folders/q6/hgrw79756kd5fz6hmt1913lw0000gn/T/rust_mozprofileRbjDK6"
1586360212109	addons.webextension.doh-rollout@mozilla.org	WARN	Loading extension 'doh-rollout@mozilla.org': Reading manifest: Invalid extension permission: networkStatus
1586360212353	addons.webextension.screenshots@mozilla.org	WARN	Loading extension 'screenshots@mozilla.org': Reading manifest: Invalid extension permission: mozillaAddons
1586360212353	addons.webextension.screenshots@mozilla.org	WARN	Loading extension 'screenshots@mozilla.org': Reading manifest: Invalid extension permission: telemetry
1586360212353	addons.webextension.screenshots@mozilla.org	WARN	Loading extension 'screenshots@mozilla.org': Reading manifest: Invalid extension permission: resource://pdf.js/
1586360212353	addons.webextension.screenshots@mozilla.org	WARN	Loading extension 'screenshots@mozilla.org': Reading manifest: Invalid extension permission: about:reader*
1586360213958	Marionette	INFO	Listening on port 56368
1586360214009	Marionette	WARN	TLS certificate errors will be ignored for this session
JavaScript warning: https://asset2.coupangcdn.com/cdnjs/moment.js/2.10.2/moment.min.js, line 6: unreachable code after return statement
console.error: (new Error("SessionFile is closed", "resource:///modules/sessionstore/SessionFile.jsm", 433))
1586360254983	Marionette	INFO	Stopped listening on port 56368
1586360469196	mozrunner::runner	INFO	Running command: "/Applications/Firefox.app/Contents/MacOS/firefox-bin" "-marionette" "-foreground" "-no-remote" "-profile" "/var/folders/q6/hgrw79756kd5fz6hmt1913lw0000gn/T/rust_mozprofile5JL1R4"
1586360469611	addons.webextension.doh-rollout@mozilla.org	WARN	Loading extension 'doh-rollout@mozilla.org': Reading manifest: Invalid extension permission: networkStatus
1586360469854	addons.webextension.screenshots@mozilla.org	WARN	Loading extension 'screenshots@mozilla.org': Reading manifest: Invalid extension permission: mozillaAddons
1586360469854	addons.webextension.screenshots@mozilla.org	WARN	Loading extension 'screenshots@mozilla.org': Reading manifest: Invalid extension permission: telemetry
1586360469854	addons.webextension.screenshots@mozilla.org	WARN	Loading extension 'screenshots@mozilla.org': Reading manifest: Invalid extension permission: resource://pdf.js/
1586360469854	addons.webextension.screenshots@mozilla.org	WARN	Loading extension 'screenshots@mozilla.org': Reading manifest: Invalid extension permission: about:reader*
1586360471459	Marionette	INFO	Listening on port 56512
1586360471569	Marionette	WARN	TLS certificate errors will be ignored for this session
JavaScript error: https://login.coupang.com/resources/20200407124126/components/require.js/2.1.11/require.min.js, line 8: Error: Script error for: common/pincode/util
http://requirejs.org/docs/errors.html#scripterror
JavaScript error: https://login.coupang.com/resources/20200407124126/components/require.js/2.1.11/require.min.js, line 8: Error: Script error for: common/util/scopedModal
http://requirejs.org/docs/errors.html#scripterror
JavaScript warning: https://asset2.coupangcdn.com/cdnjs/moment.js/2.10.2/moment.min.js, line 6: unreachable code after return statement
JavaScript error: https://www.coupang.com/resources/20200408130100/np/js/lib/requirejs/require-2.1.14.min.js, line 8: Error: Script error for: common/template/snsUserSubscriptionChecker
http://requirejs.org/docs/errors.html#scripterror
JavaScript error: https://www.coupang.com/resources/20200408130100/np/js/lib/requirejs/require-2.1.14.min.js, line 8: Error: Script error for: common/bannerLogger
http://requirejs.org/docs/errors.html#scripterror
JavaScript error: https://www.coupang.com/resources/20200408130100/np/js/lib/requirejs/require-2.1.14.min.js, line 8: Error: Script error for: common/footerBanner
http://requirejs.org/docs/errors.html#scripterror
JavaScript error: https://www.coupang.com/resources/20200408130100/np/js/lib/requirejs/require-2.1.14.min.js, line 8: Error: Script error for: home/homeRollingBanner
http://requirejs.org/docs/errors.html#scripterror
JavaScript error: https://www.coupang.com/resources/20200408130100/np/js/lib/requirejs/require-2.1.14.min.js, line 8: Error: Script error for: home/categoryBestBanner
http://requirejs.org/docs/errors.html#scripterror
JavaScript error: https://www.coupang.com/resources/20200408130100/np/js/lib/requirejs/require-2.1.14.min.js, line 8: Error: Script error for: common/template/sideTopDownBtn
http://requirejs.org/docs/errors.html#scripterror
JavaScript error: https://www.coupang.com/resources/20200408130100/np/js/lib/requirejs/require-2.1.14.min.js, line 8: Error: Script error for: common/reporter/gaToWiseLogMaker
http://requirejs.org/docs/errors.html#scripterror
JavaScript error: https://www.coupang.com/resources/20200408130100/np/js/lib/requirejs/require-2.1.14.min.js, line 8: Error: Script error for: common/utils/perfTrack
http://requirejs.org/docs/errors.html#scripterror
JavaScript error: https://www.coupang.com/resources/20200408130100/np/js/lib/requirejs/require-2.1.14.min.js, line 8: Error: Script error for: common/ToggleSlider
http://requirejs.org/docs/errors.html#scripterror
JavaScript error: https://www.coupang.com/resources/20200408130100/np/js/lib/requirejs/require-2.1.14.min.js, line 8: Error: Script error for: common/reporter/queryStringAppender
http://requirejs.org/docs/errors.html#scripterror
JavaScript error: https://www.coupang.com/resources/20200408130100/np/js/lib/requirejs/require-2.1.14.min.js, line 8: Error: Script error for: ads-components/dist/carousel
http://requirejs.org/docs/errors.html#scripterror
JavaScript error: https://www.coupang.com/resources/20200408130100/np/js/lib/requirejs/require-2.1.14.min.js, line 8: Error: Script error for: common/menuSelector
http://requirejs.org/docs/errors.html#scripterror
JavaScript error: https://www.coupang.com/resources/20200408130100/np/js/lib/requirejs/require-2.1.14.min.js, line 8: Error: Script error for: common/gnbClickCoulogger
http://requirejs.org/docs/errors.html#scripterror
JavaScript error: https://www.coupang.com/resources/20200408130100/np/js/lib/requirejs/require-2.1.14.min.js, line 8: Error: Script error for: search/searchWebLogSchemas
http://requirejs.org/docs/errors.html#scripterror
JavaScript error: https://www.coupang.com/resources/20200408130100/np/js/lib/requirejs/require-2.1.14.min.js, line 8: Error: Script error for: common/utils/stringUtils
http://requirejs.org/docs/errors.html#scripterror
JavaScript error: https://www.coupang.com/resources/20200408130100/np/js/lib/requirejs/require-2.1.14.min.js, line 8: Error: Script error for: search/utils/weblogUtils-min
http://requirejs.org/docs/errors.html#scripterror
JavaScript error: https://www.coupang.com/resources/20200408130100/np/js/lib/requirejs/require-2.1.14.min.js, line 8: Error: Script error for: recentlyViewedProduct/recentlyController
http://requirejs.org/docs/errors.html#scripterror
JavaScript error: https://www.coupang.com/resources/20200408130100/np/js/lib/requirejs/require-2.1.14.min.js, line 8: Error: Script error for: ../lib/jquery/plugin/jquery-ui.sortable.min
http://requirejs.org/docs/errors.html#scripterror
JavaScript error: https://www.coupang.com/resources/20200408130100/np/js/lib/requirejs/require-2.1.14.min.js, line 8: Error: Script error for: common/template/search/SearchAdKeyword
http://requirejs.org/docs/errors.html#scripterror
JavaScript error: https://www.coupang.com/resources/20200408130100/np/js/lib/requirejs/require-2.1.14.min.js, line 8: Error: Script error for: common/template/search/SearchKeywordPopupLayer
http://requirejs.org/docs/errors.html#scripterror
1586360489005	Marionette	INFO	Stopped listening on port 56512
1586360490108	mozrunner::runner	INFO	Running command: "/Applications/Firefox.app/Contents/MacOS/firefox-bin" "-marionette" "-foreground" "-no-remote" "-profile" "/var/folders/q6/hgrw79756kd5fz6hmt1913lw0000gn/T/rust_mozprofilem1mxJ8"
1586360490482	addons.webextension.doh-rollout@mozilla.org	WARN	Loading extension 'doh-rollout@mozilla.org': Reading manifest: Invalid extension permission: networkStatus
1586360490731	addons.webextension.screenshots@mozilla.org	WARN	Loading extension 'screenshots@mozilla.org': Reading manifest: Invalid extension permission: mozillaAddons
1586360490731	addons.webextension.screenshots@mozilla.org	WARN	Loading extension 'screenshots@mozilla.org': Reading manifest: Invalid extension permission: telemetry
1586360490731	addons.webextension.screenshots@mozilla.org	WARN	Loading extension 'screenshots@mozilla.org': Reading manifest: Invalid extension permission: resource://pdf.js/
1586360490731	addons.webextension.screenshots@mozilla.org	WARN	Loading extension 'screenshots@mozilla.org': Reading manifest: Invalid extension permission: about:reader*
1586360492378	Marionette	INFO	Listening on port 56653
1586360492481	Marionette	WARN	TLS certificate errors will be ignored for this session
JavaScript error: https://login.coupang.com/resources/20200407124126/components/require.js/2.1.11/require.min.js, line 8: Error: Script error for: common/pincode/util
http://requirejs.org/docs/errors.html#scripterror
JavaScript error: https://login.coupang.com/resources/20200407124126/components/require.js/2.1.11/require.min.js, line 8: Error: Script error for: common/util/scopedModal
http://requirejs.org/docs/errors.html#scripterror
JavaScript warning: https://asset2.coupangcdn.com/cdnjs/moment.js/2.10.2/moment.min.js, line 6: unreachable code after return statement
JavaScript error: , line 0: TypeError: NetworkError when attempting to fetch resource.
1586360547330	mozrunner::runner	INFO	Running command: "/Applications/Firefox.app/Contents/MacOS/firefox-bin" "-marionette" "-foreground" "-no-remote" "-profile" "/var/folders/q6/hgrw79756kd5fz6hmt1913lw0000gn/T/rust_mozprofileunm8Xl"
1586360547763	addons.webextension.doh-rollout@mozilla.org	WARN	Loading extension 'doh-rollout@mozilla.org': Reading manifest: Invalid extension permission: networkStatus
1586360548008	addons.webextension.screenshots@mozilla.org	WARN	Loading extension 'screenshots@mozilla.org': Reading manifest: Invalid extension permission: mozillaAddons
1586360548008	addons.webextension.screenshots@mozilla.org	WARN	Loading extension 'screenshots@mozilla.org': Reading manifest: Invalid extension permission: telemetry
1586360548008	addons.webextension.screenshots@mozilla.org	WARN	Loading extension 'screenshots@mozilla.org': Reading manifest: Invalid extension permission: resource://pdf.js/
1586360548008	addons.webextension.screenshots@mozilla.org	WARN	Loading extension 'screenshots@mozilla.org': Reading manifest: Invalid extension permission: about:reader*
1586360549633	Marionette	INFO	Listening on port 56791
1586360549687	Marionette	WARN	TLS certificate errors will be ignored for this session
JavaScript error: https://login.coupang.com/resources/20200407124126/components/require.js/2.1.11/require.min.js, line 8: Error: Script error for: common/pincode/util
http://requirejs.org/docs/errors.html#scripterror
JavaScript error: https://login.coupang.com/resources/20200407124126/components/require.js/2.1.11/require.min.js, line 8: Error: Script error for: common/util/scopedModal
http://requirejs.org/docs/errors.html#scripterror
JavaScript warning: https://asset2.coupangcdn.com/cdnjs/moment.js/2.10.2/moment.min.js, line 6: unreachable code after return statement
1586360715428	mozrunner::runner	INFO	Running command: "/Applications/Firefox.app/Contents/MacOS/firefox-bin" "-marionette" "-foreground" "-no-remote" "-profile" "/var/folders/q6/hgrw79756kd5fz6hmt1913lw0000gn/T/rust_mozprofileLXfxFs"
1586360715878	addons.webextension.doh-rollout@mozilla.org	WARN	Loading extension 'doh-rollout@mozilla.org': Reading manifest: Invalid extension permission: networkStatus
1586360716123	addons.webextension.screenshots@mozilla.org	WARN	Loading extension 'screenshots@mozilla.org': Reading manifest: Invalid extension permission: mozillaAddons
1586360716123	addons.webextension.screenshots@mozilla.org	WARN	Loading extension 'screenshots@mozilla.org': Reading manifest: Invalid extension permission: telemetry
1586360716123	addons.webextension.screenshots@mozilla.org	WARN	Loading extension 'screenshots@mozilla.org': Reading manifest: Invalid extension permission: resource://pdf.js/
1586360716123	addons.webextension.screenshots@mozilla.org	WARN	Loading extension 'screenshots@mozilla.org': Reading manifest: Invalid extension permission: about:reader*
1586360717725	Marionette	INFO	Listening on port 56929
1586360717796	Marionette	WARN	TLS certificate errors will be ignored for this session
JavaScript error: https://login.coupang.com/resources/20200407124126/components/require.js/2.1.11/require.min.js, line 8: Error: Script error for: app/pincode/modal/controller
http://requirejs.org/docs/errors.html#scripterror
JavaScript error: https://login.coupang.com/resources/20200407124126/components/require.js/2.1.11/require.min.js, line 8: Error: Script error for: common/validation/_regularExpression
http://requirejs.org/docs/errors.html#scripterror
JavaScript error: https://login.coupang.com/resources/20200407124126/components/require.js/2.1.11/require.min.js, line 8: Error: Script error for: common/validation/_emailValidator
http://requirejs.org/docs/errors.html#scripterror
JavaScript error: https://login.coupang.com/resources/20200407124126/components/require.js/2.1.11/require.min.js, line 8: Error: Script error for: common/validation/_passwordValidator
http://requirejs.org/docs/errors.html#scripterror
JavaScript error: https://login.coupang.com/resources/20200407124126/components/require.js/2.1.11/require.min.js, line 8: Error: Script error for: common/weblog/pincodeSchema
http://requirejs.org/docs/errors.html#scripterror
JavaScript error: https://login.coupang.com/resources/20200407124126/components/require.js/2.1.11/require.min.js, line 8: Error: Script error for: logPack
http://requirejs.org/docs/errors.html#scripterror
JavaScript warning: https://asset2.coupangcdn.com/cdnjs/moment.js/2.10.2/moment.min.js, line 6: unreachable code after return statement
JavaScript error: https://www.coupang.com/resources/20200408130100/np/js/lib/requirejs/require-2.1.14.min.js, line 8: Error: Script error for: common/components/dist/decker-carousel
http://requirejs.org/docs/errors.html#scripterror
1586360820024	mozrunner::runner	INFO	Running command: "/Applications/Firefox.app/Contents/MacOS/firefox-bin" "-marionette" "-foreground" "-no-remote" "-profile" "/var/folders/q6/hgrw79756kd5fz6hmt1913lw0000gn/T/rust_mozprofilesX2ghZ"
1586360820468	addons.webextension.doh-rollout@mozilla.org	WARN	Loading extension 'doh-rollout@mozilla.org': Reading manifest: Invalid extension permission: networkStatus
1586360820713	addons.webextension.screenshots@mozilla.org	WARN	Loading extension 'screenshots@mozilla.org': Reading manifest: Invalid extension permission: mozillaAddons
1586360820713	addons.webextension.screenshots@mozilla.org	WARN	Loading extension 'screenshots@mozilla.org': Reading manifest: Invalid extension permission: telemetry
1586360820713	addons.webextension.screenshots@mozilla.org	WARN	Loading extension 'screenshots@mozilla.org': Reading manifest: Invalid extension permission: resource://pdf.js/
1586360820713	addons.webextension.screenshots@mozilla.org	WARN	Loading extension 'screenshots@mozilla.org': Reading manifest: Invalid extension permission: about:reader*
1586360822488	Marionette	INFO	Listening on port 57077
1586360822592	Marionette	WARN	TLS certificate errors will be ignored for this session
JavaScript error: https://login.coupang.com/resources/20200407124126/components/require.js/2.1.11/require.min.js, line 8: Error: Script error for: common/validation/_regularExpression
http://requirejs.org/docs/errors.html#scripterror
JavaScript error: https://login.coupang.com/resources/20200407124126/components/require.js/2.1.11/require.min.js, line 8: Error: Script error for: logPack
http://requirejs.org/docs/errors.html#scripterror
JavaScript error: https://login.coupang.com/resources/20200407124126/components/require.js/2.1.11/require.min.js, line 8: Error: Script error for: common/validation/_passwordValidator
http://requirejs.org/docs/errors.html#scripterror
JavaScript error: https://login.coupang.com/resources/20200407124126/components/require.js/2.1.11/require.min.js, line 8: Error: Script error for: app/pincode/modal/controller
http://requirejs.org/docs/errors.html#scripterror
JavaScript error: https://login.coupang.com/resources/20200407124126/components/require.js/2.1.11/require.min.js, line 8: Error: Script error for: common/validation/_emailValidator
http://requirejs.org/docs/errors.html#scripterror
JavaScript error: https://login.coupang.com/resources/20200407124126/components/require.js/2.1.11/require.min.js, line 8: Error: Script error for: common/pincode/constants
http://requirejs.org/docs/errors.html#scripterror
JavaScript error: https://login.coupang.com/resources/20200407124126/components/require.js/2.1.11/require.min.js, line 8: Error: Script error for: common/weblog/pincodeSchema
http://requirejs.org/docs/errors.html#scripterror
JavaScript warning: https://asset2.coupangcdn.com/cdnjs/moment.js/2.10.2/moment.min.js, line 6: unreachable code after return statement
1586360889250	mozrunner::runner	INFO	Running command: "/Applications/Firefox.app/Contents/MacOS/firefox-bin" "-marionette" "-foreground" "-no-remote" "-profile" "/var/folders/q6/hgrw79756kd5fz6hmt1913lw0000gn/T/rust_mozprofileABdUeQ"
1586360889764	addons.webextension.doh-rollout@mozilla.org	WARN	Loading extension 'doh-rollout@mozilla.org': Reading manifest: Invalid extension permission: networkStatus
1586360890009	addons.webextension.screenshots@mozilla.org	WARN	Loading extension 'screenshots@mozilla.org': Reading manifest: Invalid extension permission: mozillaAddons
1586360890009	addons.webextension.screenshots@mozilla.org	WARN	Loading extension 'screenshots@mozilla.org': Reading manifest: Invalid extension permission: telemetry
1586360890009	addons.webextension.screenshots@mozilla.org	WARN	Loading extension 'screenshots@mozilla.org': Reading manifest: Invalid extension permission: resource://pdf.js/
1586360890009	addons.webextension.screenshots@mozilla.org	WARN	Loading extension 'screenshots@mozilla.org': Reading manifest: Invalid extension permission: about:reader*
1586360891751	Marionette	INFO	Listening on port 57240
1586360891814	Marionette	WARN	TLS certificate errors will be ignored for this session
JavaScript error: https://login.coupang.com/resources/20200407124126/components/require.js/2.1.11/require.min.js, line 8: Error: Script error for: app/pincode/modal/process
http://requirejs.org/docs/errors.html#scripterror
JavaScript error: https://login.coupang.com/resources/20200407124126/components/require.js/2.1.11/require.min.js, line 8: Error: Script error for: app/pincode/modal/view
http://requirejs.org/docs/errors.html#scripterror
JavaScript warning: https://asset2.coupangcdn.com/cdnjs/moment.js/2.10.2/moment.min.js, line 6: unreachable code after return statement
JavaScript error: https://www.coupang.com/resources/20200408130100/np/js/lib/requirejs/require-2.1.14.min.js, line 8: Error: Load timeout for modules: common/components/dist/decker-carousel
http://requirejs.org/docs/errors.html#timeout
JavaScript error: , line 0: TypeError: NetworkError when attempting to fetch resource.
1586360933136	Marionette	INFO	Stopped listening on port 57240
1586360933482	Marionette	INFO	Stopped listening on port 57077
1586360937275	Marionette	INFO	Stopped listening on port 56929
1586360938047	Marionette	INFO	Stopped listening on port 56791
1586400122364	Marionette	INFO	Stopped listening on port 55335
1586400123392	Marionette	INFO	Stopped listening on port 55902
1586400124395	Marionette	INFO	Stopped listening on port 55976
1586400125291	Marionette	INFO	Stopped listening on port 56053
1586400126307	Marionette	INFO	Stopped listening on port 56653
